<?xml version="1.0" encoding="UTF-8"?>
<!-- Generated by org.testng.reporters.JUnitXMLReporter -->
<testsuite ignored="0" hostname="SHALIVAN-KHANDRE" failures="1" tests="1" name="Test3" time="5.952" errors="0" timestamp="2022-09-14T12:11:45 IST">
  <testcase classname="org.tsetNG.practice.Script3" name="creatUserCheckCount" time="3.719">
    <failure type="java.lang.AssertionError" message="null">
      <![CDATA[java.lang.AssertionError: null
at org.tsetNG.practice.Script3.creatUserCheckCount(Script3.java:36)
at java.base/java.util.ArrayList.forEach(ArrayList.java:1511)
... Removed 27 stack frames]]>
    </failure>
  </testcase> <!-- creatUserCheckCount -->
</testsuite> <!-- Test3 -->
