<?xml version="1.0" encoding="UTF-8"?>
<testng-results skipped="0" failed="1" ignored="0" total="4" passed="3">
  <reporter-output>
  </reporter-output>
  <suite name="Suite" duration-ms="46643" started-at="2022-09-20T13:03:39 IST" finished-at="2022-09-20T13:04:26 IST">
    <groups>
    </groups>
    <test name="Test" duration-ms="46643" started-at="2022-09-20T13:03:39 IST" finished-at="2022-09-20T13:04:26 IST">
      <class name="org.tsetNG.TMS.Scripts.CreatePackageTest">
        <test-method status="PASS" signature="classSetup()[pri:0, instance:org.tsetNG.TMS.Scripts.CreatePackageTest@306279ee]" name="classSetup" is-config="true" duration-ms="2228" started-at="2022-09-20T13:04:00 IST" finished-at="2022-09-20T13:04:02 IST">
          <reporter-output>
          </reporter-output>
        </test-method> <!-- classSetup -->
        <test-method status="PASS" signature="methodSetup()[pri:0, instance:org.tsetNG.TMS.Scripts.CreatePackageTest@306279ee]" name="methodSetup" is-config="true" duration-ms="2" started-at="2022-09-20T13:04:02 IST" finished-at="2022-09-20T13:04:02 IST">
          <reporter-output>
          </reporter-output>
        </test-method> <!-- methodSetup -->
        <test-method status="PASS" signature="createPackageTest()[pri:0, instance:org.tsetNG.TMS.Scripts.CreatePackageTest@306279ee]" name="createPackageTest" duration-ms="3717" started-at="2022-09-20T13:04:02 IST" finished-at="2022-09-20T13:04:06 IST">
          <reporter-output>
          </reporter-output>
        </test-method> <!-- createPackageTest -->
        <test-method status="PASS" signature="afterClassSetup()[pri:0, instance:org.tsetNG.TMS.Scripts.CreatePackageTest@306279ee]" name="afterClassSetup" is-config="true" duration-ms="740" started-at="2022-09-20T13:04:06 IST" finished-at="2022-09-20T13:04:06 IST">
          <reporter-output>
          </reporter-output>
        </test-method> <!-- afterClassSetup -->
      </class> <!-- org.tsetNG.TMS.Scripts.CreatePackageTest -->
      <class name="org.tsetNG.TMS.Scripts.BookPackageAndValidateTest">
        <test-method status="PASS" signature="classSetup()[pri:0, instance:org.tsetNG.TMS.Scripts.BookPackageAndValidateTest@4d1b0d2a]" name="classSetup" is-config="true" duration-ms="4441" started-at="2022-09-20T13:03:40 IST" finished-at="2022-09-20T13:03:44 IST">
          <reporter-output>
          </reporter-output>
        </test-method> <!-- classSetup -->
        <test-method status="PASS" signature="methodSetup()[pri:0, instance:org.tsetNG.TMS.Scripts.BookPackageAndValidateTest@4d1b0d2a]" name="methodSetup" is-config="true" duration-ms="142" started-at="2022-09-20T13:03:44 IST" finished-at="2022-09-20T13:03:44 IST">
          <reporter-output>
          </reporter-output>
        </test-method> <!-- methodSetup -->
        <test-method status="FAIL" signature="bookPackageCheckCountIncreases()[pri:0, instance:org.tsetNG.TMS.Scripts.BookPackageAndValidateTest@4d1b0d2a]" name="bookPackageCheckCountIncreases" duration-ms="14298" started-at="2022-09-20T13:03:44 IST" finished-at="2022-09-20T13:03:58 IST">
          <exception class="org.openqa.selenium.ElementNotInteractableException">
            <message>
              <![CDATA[element not interactable
  (Session info: chrome=105.0.5195.127)
Build info: version: '4.4.0', revision: 'e5c75ed026a'
System info: host: 'SHALIVAN-KHANDR', ip: '192.168.0.147', os.name: 'Windows 10', os.arch: 'amd64', os.version: '10.0', java.version: '1.8.0_202'
Driver info: org.openqa.selenium.chrome.ChromeDriver
Command: [75013141767bbcc427d9e778ff010ce5, clickElement {id=212d610d-e803-49c8-863f-91a478eb5d5b}]
Capabilities {acceptInsecureCerts: false, browserName: chrome, browserVersion: 105.0.5195.127, chrome: {chromedriverVersion: 105.0.5195.52 (412c95e51883..., userDataDir: C:\Users\user\AppData\Local...}, goog:chromeOptions: {debuggerAddress: localhost:63244}, networkConnectionEnabled: false, pageLoadStrategy: normal, platformName: WINDOWS, proxy: Proxy(), se:cdp: ws://localhost:63244/devtoo..., se:cdpVersion: 105.0.5195.127, setWindowRect: true, strictFileInteractability: false, timeouts: {implicit: 0, pageLoad: 300000, script: 30000}, unhandledPromptBehavior: dismiss and notify, webauthn:extension:credBlob: true, webauthn:extension:largeBlob: true, webauthn:virtualAuthenticators: true}
Element: [[ChromeDriver: chrome on WINDOWS (75013141767bbcc427d9e778ff010ce5)] -> xpath: //h3[.='Package List']/ancestor::div[@class='room-bottom']//h4[.='Package Name: DummyPackage348']/../..//a[.='Details']]
Session ID: 75013141767bbcc427d9e778ff010ce5]]>
            </message>
            <full-stacktrace>
              <![CDATA[org.openqa.selenium.ElementNotInteractableException: element not interactable
  (Session info: chrome=105.0.5195.127)
Build info: version: '4.4.0', revision: 'e5c75ed026a'
System info: host: 'SHALIVAN-KHANDR', ip: '192.168.0.147', os.name: 'Windows 10', os.arch: 'amd64', os.version: '10.0', java.version: '1.8.0_202'
Driver info: org.openqa.selenium.chrome.ChromeDriver
Command: [75013141767bbcc427d9e778ff010ce5, clickElement {id=212d610d-e803-49c8-863f-91a478eb5d5b}]
Capabilities {acceptInsecureCerts: false, browserName: chrome, browserVersion: 105.0.5195.127, chrome: {chromedriverVersion: 105.0.5195.52 (412c95e51883..., userDataDir: C:\Users\user\AppData\Local...}, goog:chromeOptions: {debuggerAddress: localhost:63244}, networkConnectionEnabled: false, pageLoadStrategy: normal, platformName: WINDOWS, proxy: Proxy(), se:cdp: ws://localhost:63244/devtoo..., se:cdpVersion: 105.0.5195.127, setWindowRect: true, strictFileInteractability: false, timeouts: {implicit: 0, pageLoad: 300000, script: 30000}, unhandledPromptBehavior: dismiss and notify, webauthn:extension:credBlob: true, webauthn:extension:largeBlob: true, webauthn:virtualAuthenticators: true}
Element: [[ChromeDriver: chrome on WINDOWS (75013141767bbcc427d9e778ff010ce5)] -> xpath: //h3[.='Package List']/ancestor::div[@class='room-bottom']//h4[.='Package Name: DummyPackage348']/../..//a[.='Details']]
Session ID: 75013141767bbcc427d9e778ff010ce5
at sun.reflect.NativeConstructorAccessorImpl.newInstance0(Native Method)
at sun.reflect.NativeConstructorAccessorImpl.newInstance(NativeConstructorAccessorImpl.java:62)
at sun.reflect.DelegatingConstructorAccessorImpl.newInstance(DelegatingConstructorAccessorImpl.java:45)
at java.lang.reflect.Constructor.newInstance(Constructor.java:423)
at org.openqa.selenium.remote.codec.w3c.W3CHttpResponseCodec.createException(W3CHttpResponseCodec.java:200)
at org.openqa.selenium.remote.codec.w3c.W3CHttpResponseCodec.decode(W3CHttpResponseCodec.java:133)
at org.openqa.selenium.remote.codec.w3c.W3CHttpResponseCodec.decode(W3CHttpResponseCodec.java:53)
at org.openqa.selenium.remote.HttpCommandExecutor.execute(HttpCommandExecutor.java:184)
at org.openqa.selenium.remote.service.DriverCommandExecutor.invokeExecute(DriverCommandExecutor.java:167)
at org.openqa.selenium.remote.service.DriverCommandExecutor.execute(DriverCommandExecutor.java:142)
at org.openqa.selenium.remote.RemoteWebDriver.execute(RemoteWebDriver.java:547)
at org.openqa.selenium.remote.RemoteWebElement.execute(RemoteWebElement.java:257)
at org.openqa.selenium.remote.RemoteWebElement.click(RemoteWebElement.java:78)
at sun.reflect.NativeMethodAccessorImpl.invoke0(Native Method)
at sun.reflect.NativeMethodAccessorImpl.invoke(NativeMethodAccessorImpl.java:62)
at sun.reflect.DelegatingMethodAccessorImpl.invoke(DelegatingMethodAccessorImpl.java:43)
at java.lang.reflect.Method.invoke(Method.java:498)
at org.openqa.selenium.support.pagefactory.internal.LocatingElementHandler.invoke(LocatingElementHandler.java:52)
at com.sun.proxy.$Proxy16.click(Unknown Source)
at org.TMS.POMRepository.UserHomePage.ViewSpecifiedPackage(UserHomePage.java:35)
at org.tsetNG.TMS.Scripts.BookPackageAndValidateTest.bookPackageCheckCountIncreases(BookPackageAndValidateTest.java:40)
at sun.reflect.NativeMethodAccessorImpl.invoke0(Native Method)
at sun.reflect.NativeMethodAccessorImpl.invoke(NativeMethodAccessorImpl.java:62)
at sun.reflect.DelegatingMethodAccessorImpl.invoke(DelegatingMethodAccessorImpl.java:43)
at java.lang.reflect.Method.invoke(Method.java:498)
at org.testng.internal.MethodInvocationHelper.invokeMethod(MethodInvocationHelper.java:133)
at org.testng.internal.TestInvoker.invokeMethod(TestInvoker.java:598)
at org.testng.internal.TestInvoker.invokeTestMethod(TestInvoker.java:173)
at org.testng.internal.MethodRunner.runInSequence(MethodRunner.java:46)
at org.testng.internal.TestInvoker$MethodInvocationAgent.invoke(TestInvoker.java:824)
at org.testng.internal.TestInvoker.invokeTestMethods(TestInvoker.java:146)
at org.testng.internal.TestMethodWorker.invokeTestMethods(TestMethodWorker.java:146)
at org.testng.internal.TestMethodWorker.run(TestMethodWorker.java:128)
at java.util.ArrayList.forEach(ArrayList.java:1257)
at org.testng.TestRunner.privateRun(TestRunner.java:794)
at org.testng.TestRunner.run(TestRunner.java:596)
at org.testng.SuiteRunner.runTest(SuiteRunner.java:377)
at org.testng.SuiteRunner.runSequentially(SuiteRunner.java:371)
at org.testng.SuiteRunner.privateRun(SuiteRunner.java:332)
at org.testng.SuiteRunner.run(SuiteRunner.java:276)
at org.testng.SuiteRunnerWorker.runSuite(SuiteRunnerWorker.java:53)
at org.testng.SuiteRunnerWorker.run(SuiteRunnerWorker.java:96)
at org.testng.TestNG.runSuitesSequentially(TestNG.java:1212)
at org.testng.TestNG.runSuitesLocally(TestNG.java:1134)
at org.testng.TestNG.runSuites(TestNG.java:1063)
at org.testng.TestNG.run(TestNG.java:1031)
at org.testng.remote.AbstractRemoteTestNG.run(AbstractRemoteTestNG.java:115)
at org.testng.remote.RemoteTestNG.initAndRun(RemoteTestNG.java:251)
at org.testng.remote.RemoteTestNG.main(RemoteTestNG.java:77)
]]>
            </full-stacktrace>
          </exception> <!-- org.openqa.selenium.ElementNotInteractableException -->
          <reporter-output>
          </reporter-output>
        </test-method> <!-- bookPackageCheckCountIncreases -->
        <test-method status="PASS" signature="afterClassSetup()[pri:0, instance:org.tsetNG.TMS.Scripts.BookPackageAndValidateTest@4d1b0d2a]" name="afterClassSetup" is-config="true" duration-ms="791" started-at="2022-09-20T13:03:59 IST" finished-at="2022-09-20T13:04:00 IST">
          <reporter-output>
          </reporter-output>
        </test-method> <!-- afterClassSetup -->
      </class> <!-- org.tsetNG.TMS.Scripts.BookPackageAndValidateTest -->
      <class name="org.tsetNG.TMS.Scripts.CreateUserAndCheckCountTest">
        <test-method status="PASS" signature="classSetup()[pri:0, instance:org.tsetNG.TMS.Scripts.CreateUserAndCheckCountTest@545997b1]" name="classSetup" is-config="true" duration-ms="2107" started-at="2022-09-20T13:04:06 IST" finished-at="2022-09-20T13:04:08 IST">
          <reporter-output>
          </reporter-output>
        </test-method> <!-- classSetup -->
        <test-method status="PASS" signature="methodSetup()[pri:0, instance:org.tsetNG.TMS.Scripts.CreateUserAndCheckCountTest@545997b1]" name="methodSetup" is-config="true" duration-ms="2" started-at="2022-09-20T13:04:08 IST" finished-at="2022-09-20T13:04:08 IST">
          <reporter-output>
          </reporter-output>
        </test-method> <!-- methodSetup -->
        <test-method status="PASS" signature="creatUserCheckCount()[pri:0, instance:org.tsetNG.TMS.Scripts.CreateUserAndCheckCountTest@545997b1]" name="creatUserCheckCount" duration-ms="3617" started-at="2022-09-20T13:04:08 IST" finished-at="2022-09-20T13:04:12 IST">
          <reporter-output>
          </reporter-output>
        </test-method> <!-- creatUserCheckCount -->
        <test-method status="PASS" signature="afterClassSetup()[pri:0, instance:org.tsetNG.TMS.Scripts.CreateUserAndCheckCountTest@545997b1]" name="afterClassSetup" is-config="true" duration-ms="782" started-at="2022-09-20T13:04:12 IST" finished-at="2022-09-20T13:04:13 IST">
          <reporter-output>
          </reporter-output>
        </test-method> <!-- afterClassSetup -->
      </class> <!-- org.tsetNG.TMS.Scripts.CreateUserAndCheckCountTest -->
      <class name="org.tsetNG.TMS.Scripts.RaiseIssueAsUserAndUpdateRemarkAsAdminTest">
        <test-method status="PASS" signature="classSetup()[pri:0, instance:org.tsetNG.TMS.Scripts.RaiseIssueAsUserAndUpdateRemarkAsAdminTest@4cf4d528]" name="classSetup" is-config="true" duration-ms="2233" started-at="2022-09-20T13:04:13 IST" finished-at="2022-09-20T13:04:15 IST">
          <reporter-output>
          </reporter-output>
        </test-method> <!-- classSetup -->
        <test-method status="PASS" signature="methodSetup()[pri:0, instance:org.tsetNG.TMS.Scripts.RaiseIssueAsUserAndUpdateRemarkAsAdminTest@4cf4d528]" name="methodSetup" is-config="true" duration-ms="1" started-at="2022-09-20T13:04:15 IST" finished-at="2022-09-20T13:04:15 IST">
          <reporter-output>
          </reporter-output>
        </test-method> <!-- methodSetup -->
        <test-method status="PASS" signature="createBookingIssueAndUpdateRemark()[pri:0, instance:org.tsetNG.TMS.Scripts.RaiseIssueAsUserAndUpdateRemarkAsAdminTest@4cf4d528]" name="createBookingIssueAndUpdateRemark" duration-ms="10702" started-at="2022-09-20T13:04:15 IST" finished-at="2022-09-20T13:04:26 IST">
          <reporter-output>
          </reporter-output>
        </test-method> <!-- createBookingIssueAndUpdateRemark -->
        <test-method status="PASS" signature="afterClassSetup()[pri:0, instance:org.tsetNG.TMS.Scripts.RaiseIssueAsUserAndUpdateRemarkAsAdminTest@4cf4d528]" name="afterClassSetup" is-config="true" duration-ms="3" started-at="2022-09-20T13:04:26 IST" finished-at="2022-09-20T13:04:26 IST">
          <reporter-output>
          </reporter-output>
        </test-method> <!-- afterClassSetup -->
      </class> <!-- org.tsetNG.TMS.Scripts.RaiseIssueAsUserAndUpdateRemarkAsAdminTest -->
    </test> <!-- Test -->
  </suite> <!-- Suite -->
</testng-results>
